<?xml version="1.0" encoding="UTF-8"?>
<testng-results ignored="0" total="1" passed="1" failed="0" skipped="0">
  <reporter-output>
  </reporter-output>
  <suite started-at="2023-10-12T13:16:49 IST" name="Default suite" finished-at="2023-10-12T13:16:54 IST" duration-ms="5510">
    <groups>
    </groups>
    <test started-at="2023-10-12T13:16:49 IST" name="Default test" finished-at="2023-10-12T13:16:54 IST" duration-ms="5510">
      <class name="fab.POSTMethod">
        <test-method signature="CreateUser()[pri:0, instance:fab.POSTMethod@4b8ee4de]" started-at="2023-10-12T13:16:49 IST" name="CreateUser" finished-at="2023-10-12T13:16:54 IST" duration-ms="5417" status="PASS">
          <reporter-output>
          </reporter-output>
        </test-method> <!-- CreateUser -->
      </class> <!-- fab.POSTMethod -->
    </test> <!-- Default test -->
  </suite> <!-- Default suite -->
</testng-results>
